Mon Nov 20 15:36:11 GMT+03:00 2017
GC name = Copy
GC CollectionCount = 3
GC CollectionTime = 199
Mon Nov 20 15:36:11 GMT+03:00 2017
GC name = MarkSweepCompact
GC CollectionCount = 0
GC CollectionTime = 0
Mon Nov 20 15:37:11 GMT+03:00 2017
GC name = Copy
GC CollectionCount = 3
GC CollectionTime = 199
Mon Nov 20 15:37:11 GMT+03:00 2017
GC name = MarkSweepCompact
GC CollectionCount = 0
GC CollectionTime = 0
Mon Nov 20 15:38:11 GMT+03:00 2017
GC name = Copy
GC CollectionCount = 4
GC CollectionTime = 199
Mon Nov 20 15:38:11 GMT+03:00 2017
GC name = MarkSweepCompact
GC CollectionCount = 1
GC CollectionTime = 253
